[debug] [2020-10-14T14:32:31.994Z] ----------------------------------------------------------------------
[debug] [2020-10-14T14:32:31.997Z] Command:       C:\Program Files\nodejs\node.exe C:\Users\Techlogics\AppData\Roaming\npm\node_modules\firebase-tools\lib\bin\firebase.js init
[debug] [2020-10-14T14:32:31.997Z] CLI Version:   7.15.1
[debug] [2020-10-14T14:32:31.997Z] Platform:      win32
[debug] [2020-10-14T14:32:31.997Z] Node Version:  v11.15.0
[debug] [2020-10-14T14:32:31.998Z] Time:          Wed Oct 14 2020 19:32:31 GMT+0500 (Pakistan Standard Time)
[debug] [2020-10-14T14:32:31.998Z] ----------------------------------------------------------------------
[debug] [2020-10-14T14:32:31.998Z] 
[debug] [2020-10-14T14:32:32.012Z] > command requires scopes: ["email","openid","https://www.googleapis.com/auth/cloudplatformprojects.readonly","https://www.googleapis.com/auth/firebase","https://www.googleapis.com/auth/cloud-platform"]
[debug] [2020-10-14T14:32:32.012Z] > authorizing via signed-in user
[info] 
     ######## #### ########  ######## ########     ###     ######  ########
     ##        ##  ##     ## ##       ##     ##  ##   ##  ##       ##
     ######    ##  ########  ######   ########  #########  ######  ######
     ##        ##  ##    ##  ##       ##     ## ##     ##       ## ##
     ##       #### ##     ## ######## ########  ##     ##  ######  ########

You're about to initialize a Firebase project in this directory:

  E:\soft three\athens-front

Before we get started, keep in mind:

  * You are initializing in an existing Firebase project directory

[info] 
=== Project Setup
[info] 
[info] First, let's associate this project directory with a Firebase project.
[info] You can create multiple project aliases by running firebase use --add, 
[info] but for now we'll just set up a default project.
[info] 
[info] i  .firebaserc already has a default project, using athens-988b9.
[debug] [2020-10-14T14:32:37.482Z] > refreshing access token with scopes: ["email","https://www.googleapis.com/auth/cloud-platform","https://www.googleapis.com/auth/cloudplatformprojects.readonly","https://www.googleapis.com/auth/firebase","openid"]
[debug] [2020-10-14T14:32:37.482Z] >>> HTTP REQUEST POST https://www.googleapis.com/oauth2/v3/token  
 <request body omitted>
[debug] [2020-10-14T14:32:38.432Z] <<< HTTP RESPONSE 200
[debug] [2020-10-14T14:32:38.443Z] >>> HTTP REQUEST GET https://firebase.googleapis.com/v1beta1/projects/athens-988b9  
 
[debug] [2020-10-14T14:32:39.543Z] <<< HTTP RESPONSE 403
[debug] [2020-10-14T14:32:39.544Z] <<< HTTP RESPONSE BODY
[debug] [2020-10-14T14:32:39.551Z] HTTP Error: 403, The caller does not have permission
[debug] [2020-10-14T14:32:40.385Z] FirebaseError: HTTP Error: 403, The caller does not have permission
    at module.exports (C:\Users\Techlogics\AppData\Roaming\npm\node_modules\firebase-tools\lib\responseToError.js:38:12)
    at Request._callback (C:\Users\Techlogics\AppData\Roaming\npm\node_modules\firebase-tools\lib\api.js:39:35)
    at Request.self.callback (C:\Users\Techlogics\AppData\Roaming\npm\node_modules\firebase-tools\node_modules\request\request.js:185:22)
    at Request.emit (events.js:193:13)
    at Request.EventEmitter.emit (domain.js:481:20)
    at Request.<anonymous> (C:\Users\Techlogics\AppData\Roaming\npm\node_modules\firebase-tools\node_modules\request\request.js:1154:10)
    at Request.emit (events.js:193:13)
    at Request.EventEmitter.emit (domain.js:481:20)
    at IncomingMessage.<anonymous> (C:\Users\Techlogics\AppData\Roaming\npm\node_modules\firebase-tools\node_modules\request\request.js:1076:12)
    at Object.onceWrapper (events.js:281:20)
    at IncomingMessage.emit (events.js:198:15)
    at IncomingMessage.EventEmitter.emit (domain.js:481:20)
    at endReadableNT (_stream_readable.js:1139:12)
    at processTicksAndRejections (internal/process/task_queues.js:81:17)
[error] 
[error] Error: Failed to get Firebase project athens-988b9. Please make sure the project exists and your account has permission to access it.
